#
# A fatal error has been detected by the Java Runtime Environment:
#
#  EXCEPTION_ACCESS_VIOLATION (0xc0000005) at pc=0x00007ffb87b1facd, pid=2960, tid=0x0000000000005764
#
# JRE version: Java(TM) SE Runtime Environment (8.0_311-b11) (build 1.8.0_311-b11)
# Java VM: Java HotSpot(TM) 64-Bit Server VM (25.311-b11 mixed mode windows-amd64 compressed oops)
# Problematic frame:
# C  [lwjgl_opengl.dll+0xfacd]
#
# Failed to write core dump. Minidumps are not enabled by default on client versions of Windows
#
# If you would like to submit a bug report, please visit:
#   http://bugreport.java.com/bugreport/crash.jsp
# The crash happened outside the Java Virtual Machine in native code.
# See problematic frame for where to report the bug.
#

---------------  T H R E A D  ---------------

Current thread (0x0000028761036000):  JavaThread "main" [_thread_in_native, id=22372, stack(0x000000d614200000,0x000000d614300000)]

siginfo: ExceptionCode=0xc0000005, reading address 0x00000000000013c8

Registers:
RAX=0x0000028778c35040, RBX=0x0000028774fe6c70, RCX=0x0000000000000001, RDX=0x0000028778fbedcc
RSP=0x000000d6142ff2c8, RBP=0x000000d6142ff348, RSI=0x0000000716d05d38, RDI=0x0000028762b27fd0
R8 =0x0000000000000001, R9 =0x0000028778fbedcc, R10=0x0000000000000000, R11=0x000000007661a200
R12=0x0000000000000000, R13=0x0000028774fe6c70, R14=0x000000d6142ff378, R15=0x0000028761036000
RIP=0x00007ffb87b1facd, EFLAGS=0x0000000000010206

Top of Stack: (sp=0x000000d6142ff2c8)
0x000000d6142ff2c8:   0000028762b44d27 0000028762b27fd0
0x000000d6142ff2d8:   0000028762b4467b 0000028774fe6c70
0x000000d6142ff2e8:   000000d6142ff348 0000000716d05d38
0x000000d6142ff2f8:   0000028761036000 0000028762b44622
0x000000d6142ff308:   000000d6142ff308 0000028774fe6c70
0x000000d6142ff318:   000000d6142ff378 000002877501bce0
0x000000d6142ff328:   0000000000000000 0000028774fe6c70
0x000000d6142ff338:   0000000000000000 000000d6142ff368
0x000000d6142ff348:   000000d6142ff3c0 0000028762b284bd
0x000000d6142ff358:   00000007183d0b70 0000028762b39778
0x000000d6142ff368:   0000028778fbedcc 00000007183dabe8
0x000000d6142ff378:   0000000000000001 000000d6142ff380
0x000000d6142ff388:   0000028774fe6de4 000000d6142ff3f0
0x000000d6142ff398:   000002877501bce0 0000000000000000
0x000000d6142ff3a8:   0000028774fe6e50 000000d6142ff368
0x000000d6142ff3b8:   000000d6142ff3f8 000000d6142ff438 

Instructions: (pc=0x00007ffb87b1facd)
0x00007ffb87b1faad:   49 ff a2 c0 13 00 00 cc cc cc cc cc cc cc cc cc
0x00007ffb87b1fabd:   cc cc cc 48 8b 01 49 8b d1 41 8b c8 4c 8b 50 18
0x00007ffb87b1facd:   49 ff a2 c8 13 00 00 cc cc cc cc cc cc cc cc cc
0x00007ffb87b1fadd:   cc cc cc 48 8b 01 48 8b 48 18 48 8b 81 d0 13 00 


Register to memory mapping:

RAX=0x0000028778c35040 is an unknown value
RBX={method} {0x0000028774fe6c78} 'nglGenVertexArrays' '(IJ)V' in 'org/lwjgl/opengl/GL30C'
RCX=0x0000000000000001 is an unknown value
RDX=0x0000028778fbedcc is an unknown value
RSP=0x000000d6142ff2c8 is pointing into the stack for thread: 0x0000028761036000
RBP=0x000000d6142ff348 is pointing into the stack for thread: 0x0000028761036000
RSI=0x0000000716d05d38 is an oop
java.lang.Thread 
 - klass: 'java/lang/Thread'
RDI=0x0000028762b27fd0 is at code_begin+1040 in an Interpreter codelet
invoke return entry points  [0x0000028762b27bc0, 0x0000028762b285a0]  2528 bytes
R8 =0x0000000000000001 is an unknown value
R9 =0x0000028778fbedcc is an unknown value
R10=0x0000000000000000 is an unknown value
R11=0x000000007661a200 is an unknown value
R12=0x0000000000000000 is an unknown value
R13={method} {0x0000028774fe6c78} 'nglGenVertexArrays' '(IJ)V' in 'org/lwjgl/opengl/GL30C'
R14=0x000000d6142ff378 is pointing into the stack for thread: 0x0000028761036000
R15=0x0000028761036000 is a thread


Stack: [0x000000d614200000,0x000000d614300000],  sp=0x000000d6142ff2c8,  free space=1020k
Native frames: (J=compiled Java code, j=interpreted, Vv=VM code, C=native code)
C  [lwjgl_opengl.dll+0xfacd]

Java frames: (J=compiled Java code, j=interpreted, Vv=VM code)
j  org.lwjgl.opengl.GL30C.nglGenVertexArrays(IJ)V+0
j  org.lwjgl.opengl.GL30C.glGenVertexArrays()I+20
j  org.lwjgl.opengl.GL30.glGenVertexArrays()I+0
j  com.collins.display.Loader.createVAO()I+0
j  com.collins.display.Loader.loadToVAO([F)Lcom/collins/display/Models/RawModel;+1
j  com.collins.entities.Square.<init>(FFFFFLcom/collins/display/Loader;Lcom/collins/display/Renderer;)V+144
j  com.collins.entities.Player.<init>(FFFFFLcom/collins/display/Loader;Lcom/collins/display/Renderer;)V+12
j  com.collins.App.init()V+288
j  com.collins.App.run()V+30
j  com.collins.App.main([Ljava/lang/String;)V+7
v  ~StubRoutines::call_stub

---------------  P R O C E S S  ---------------

Java Threads: ( => current thread )
  0x00000287782d7000 JavaThread "Service Thread" daemon [_thread_blocked, id=18852, stack(0x000000d616400000,0x000000d616500000)]
  0x0000028778260000 JavaThread "C1 CompilerThread11" daemon [_thread_blocked, id=4324, stack(0x000000d616300000,0x000000d616400000)]
  0x0000028778262000 JavaThread "C1 CompilerThread10" daemon [_thread_blocked, id=8148, stack(0x000000d616200000,0x000000d616300000)]
  0x000002877825f000 JavaThread "C1 CompilerThread9" daemon [_thread_blocked, id=14272, stack(0x000000d616100000,0x000000d616200000)]
  0x0000028778260800 JavaThread "C1 CompilerThread8" daemon [_thread_blocked, id=13056, stack(0x000000d616000000,0x000000d616100000)]
  0x000002877825e800 JavaThread "C2 CompilerThread7" daemon [_thread_blocked, id=2296, stack(0x000000d615f00000,0x000000d616000000)]
  0x0000028778261800 JavaThread "C2 CompilerThread6" daemon [_thread_blocked, id=23288, stack(0x000000d615e00000,0x000000d615f00000)]
  0x000002877825d800 JavaThread "C2 CompilerThread5" daemon [_thread_blocked, id=7104, stack(0x000000d615d00000,0x000000d615e00000)]
  0x000002877825d000 JavaThread "C2 CompilerThread4" daemon [_thread_blocked, id=23024, stack(0x000000d615c00000,0x000000d615d00000)]
  0x000002877821c000 JavaThread "C2 CompilerThread3" daemon [_thread_blocked, id=2464, stack(0x000000d615b00000,0x000000d615c00000)]
  0x000002877820b800 JavaThread "C2 CompilerThread2" daemon [_thread_blocked, id=16120, stack(0x000000d615a00000,0x000000d615b00000)]
  0x0000028778202800 JavaThread "C2 CompilerThread1" daemon [_thread_blocked, id=18472, stack(0x000000d615900000,0x000000d615a00000)]
  0x0000028778200000 JavaThread "C2 CompilerThread0" daemon [_thread_blocked, id=732, stack(0x000000d615800000,0x000000d615900000)]
  0x00000287781f6000 JavaThread "JDWP Command Reader" daemon [_thread_in_native, id=2548, stack(0x000000d615700000,0x000000d615800000)]
  0x00000287781f5000 JavaThread "JDWP Event Helper Thread" daemon [_thread_blocked, id=23164, stack(0x000000d615600000,0x000000d615700000)]
  0x00000287781f3000 JavaThread "JDWP Transport Listener: dt_socket" daemon [_thread_blocked, id=4192, stack(0x000000d615500000,0x000000d615600000)]
  0x00000287781cd000 JavaThread "Attach Listener" daemon [_thread_blocked, id=9092, stack(0x000000d615400000,0x000000d615500000)]
  0x00000287781ca800 JavaThread "Signal Dispatcher" daemon [_thread_blocked, id=11116, stack(0x000000d615300000,0x000000d615400000)]
  0x00000287781a6000 JavaThread "Finalizer" daemon [_thread_blocked, id=12092, stack(0x000000d615200000,0x000000d615300000)]
  0x00000287754d8800 JavaThread "Reference Handler" daemon [_thread_blocked, id=17136, stack(0x000000d615100000,0x000000d615200000)]
=>0x0000028761036000 JavaThread "main" [_thread_in_native, id=22372, stack(0x000000d614200000,0x000000d614300000)]

Other Threads:
  0x00000287754b2000 VMThread [stack: 0x000000d615000000,0x000000d615100000] [id=5192]
  0x00000287782d9800 WatcherThread [stack: 0x000000d616500000,0x000000d616600000] [id=6744]

VM state:not at safepoint (normal execution)

VM Mutex/Monitor currently owned by a thread: None

heap address: 0x00000005c4600000, size: 8122 MB, Compressed Oops mode: Zero based, Oop shift amount: 3
Narrow klass base: 0x0000000000000000, Narrow klass shift: 3
Compressed class space size: 1073741824 Address: 0x00000007c0000000

Heap:
 PSYoungGen      total 151552K, used 23425K [0x0000000716d00000, 0x0000000721600000, 0x00000007c0000000)
  eden space 130048K, 18% used [0x0000000716d00000,0x00000007183e06f8,0x000000071ec00000)
  from space 21504K, 0% used [0x0000000720100000,0x0000000720100000,0x0000000721600000)
  to   space 21504K, 0% used [0x000000071ec00000,0x000000071ec00000,0x0000000720100000)
 ParOldGen       total 347136K, used 0K [0x00000005c4600000, 0x00000005d9900000, 0x0000000716d00000)
  object space 347136K, 0% used [0x00000005c4600000,0x00000005c4600000,0x00000005d9900000)
 Metaspace       used 6961K, capacity 7170K, committed 7424K, reserved 1056768K
  class space    used 655K, capacity 759K, committed 768K, reserved 1048576K

Card table byte_map: [0x0000028771ee0000,0x0000028772ec0000] byte_map_base: 0x000002876f0bd000

Marking Bits: (ParMarkBitMap*) 0x0000000076bd8030
 Begin Bits: [0x0000028700000000, 0x0000028707ee8000)
 End Bits:   [0x0000028707ee8000, 0x000002870fdd0000)

Polling page: 0x0000028762ab0000

CodeCache: size=245760Kb used=4512Kb max_used=4515Kb free=241247Kb
 bounds [0x0000028762b20000, 0x0000028762f90000, 0x0000028771b20000]
 total_blobs=1468 nmethods=598 adapters=788
 compilation: enabled

Compilation events (10 events):
Event: 0.801 Thread 0x000002877825f000 nmethod 593 0x0000028762f84d50 code [0x0000028762f84f40, 0x0000028762f85a50]
Event: 0.802 Thread 0x000002877820b800 nmethod 592 0x0000028762f88e50 code [0x0000028762f88fa0, 0x0000028762f892d8]
Event: 0.806 Thread 0x0000028778262000  594   !   3       java.util.zip.ZipFile$ZipFileInputStream::read (131 bytes)
Event: 0.806 Thread 0x0000028778260800  595       3       java.util.zip.ZipFile::access$1300 (5 bytes)
Event: 0.806 Thread 0x0000028778260000  596       3       java.util.zip.ZipFile::ensureOpenOrZipException (18 bytes)
Event: 0.806 Thread 0x000002877825f000  597       3       java.util.zip.ZipFile::access$1400 (14 bytes)
Event: 0.806 Thread 0x0000028778260000 nmethod 596 0x0000028762f889d0 code [0x0000028762f88b40, 0x0000028762f88d70]
Event: 0.806 Thread 0x0000028778260800 nmethod 595 0x0000028762f88450 code [0x0000028762f885e0, 0x0000028762f88850]
Event: 0.806 Thread 0x000002877825f000 nmethod 597 0x0000028762f88090 code [0x0000028762f88200, 0x0000028762f883b0]
Event: 0.807 Thread 0x0000028778262000 nmethod 594 0x0000028762f86f90 code [0x0000028762f87160, 0x0000028762f87af0]

GC Heap History (0 events):
No events

Deoptimization events (0 events):
No events

Classes redefined (0 events):
No events

Internal exceptions (10 events):
Event: 0.491 Thread 0x0000028761036000 Exception <a 'sun/nio/fs/WindowsException'> (0x0000000717f12658) thrown at [C:\jenkins\workspace\8-2-build-windows-amd64-cygwin\jdk8u311\1894\hotspot\src\share\vm\prims\jni.cpp, line 710]
Event: 0.491 Thread 0x0000028761036000 Exception <a 'sun/nio/fs/WindowsException'> (0x0000000717f12f38) thrown at [C:\jenkins\workspace\8-2-build-windows-amd64-cygwin\jdk8u311\1894\hotspot\src\share\vm\prims\jni.cpp, line 710]
Event: 0.546 Thread 0x0000028761036000 Exception <a 'sun/nio/fs/WindowsException'> (0x0000000718114078) thrown at [C:\jenkins\workspace\8-2-build-windows-amd64-cygwin\jdk8u311\1894\hotspot\src\share\vm\prims\jni.cpp, line 710]
Event: 0.546 Thread 0x0000028761036000 Exception <a 'sun/nio/fs/WindowsException'> (0x00000007181147e0) thrown at [C:\jenkins\workspace\8-2-build-windows-amd64-cygwin\jdk8u311\1894\hotspot\src\share\vm\prims\jni.cpp, line 710]
Event: 0.567 Thread 0x0000028761036000 Exception <a 'sun/nio/fs/WindowsException'> (0x00000007181beb40) thrown at [C:\jenkins\workspace\8-2-build-windows-amd64-cygwin\jdk8u311\1894\hotspot\src\share\vm\prims\jni.cpp, line 710]
Event: 0.567 Thread 0x0000028761036000 Exception <a 'sun/nio/fs/WindowsException'> (0x00000007181bf258) thrown at [C:\jenkins\workspace\8-2-build-windows-amd64-cygwin\jdk8u311\1894\hotspot\src\share\vm\prims\jni.cpp, line 710]
Event: 0.795 Thread 0x0000028761036000 Exception <a 'sun/nio/fs/WindowsException'> (0x0000000718309378) thrown at [C:\jenkins\workspace\8-2-build-windows-amd64-cygwin\jdk8u311\1894\hotspot\src\share\vm\prims\jni.cpp, line 710]
Event: 0.795 Thread 0x0000028761036000 Exception <a 'sun/nio/fs/WindowsException'> (0x0000000718309af8) thrown at [C:\jenkins\workspace\8-2-build-windows-amd64-cygwin\jdk8u311\1894\hotspot\src\share\vm\prims\jni.cpp, line 710]
Event: 0.798 Thread 0x0000028761036000 Exception <a 'sun/nio/fs/WindowsException'> (0x0000000718319bf8) thrown at [C:\jenkins\workspace\8-2-build-windows-amd64-cygwin\jdk8u311\1894\hotspot\src\share\vm\prims\jni.cpp, line 710]
Event: 0.798 Thread 0x0000028761036000 Exception <a 'sun/nio/fs/WindowsException'> (0x000000071831a228) thrown at [C:\jenkins\workspace\8-2-build-windows-amd64-cygwin\jdk8u311\1894\hotspot\src\share\vm\prims\jni.cpp, line 710]

Events (10 events):
Event: 0.804 Thread 0x0000028761036000 DEOPT PACKING pc=0x0000028762e70474 sp=0x000000d6142ed490
Event: 0.804 Thread 0x0000028761036000 DEOPT UNPACKING pc=0x0000028762b67918 sp=0x000000d6142ed2b0 mode 1
Event: 0.804 Thread 0x0000028761036000 DEOPT PACKING pc=0x0000028762e70204 sp=0x000000d6142ed620
Event: 0.804 Thread 0x0000028761036000 DEOPT UNPACKING pc=0x0000028762b67918 sp=0x000000d6142ed440 mode 1
Event: 0.806 loading class org/lwjgl/system/libc/LibCString
Event: 0.806 loading class org/lwjgl/system/libc/LibCString done
Event: 0.806 Thread 0x0000028761036000 DEOPT PACKING pc=0x0000028762e70474 sp=0x000000d6142fdcf0
Event: 0.806 Thread 0x0000028761036000 DEOPT UNPACKING pc=0x0000028762b67918 sp=0x000000d6142fdb10 mode 1
Event: 0.806 Thread 0x0000028761036000 DEOPT PACKING pc=0x0000028762e70204 sp=0x000000d6142fde80
Event: 0.806 Thread 0x0000028761036000 DEOPT UNPACKING pc=0x0000028762b67918 sp=0x000000d6142fdca0 mode 1


Dynamic libraries:
0x00007ff63ef30000 - 0x00007ff63ef77000 	C:\Program Files\Java\jdk1.8.0_311\bin\java.exe
0x00007ffbbf170000 - 0x00007ffbbf365000 	C:\WINDOWS\SYSTEM32\ntdll.dll
0x00007ffbbd1f0000 - 0x00007ffbbd2ae000 	C:\WINDOWS\System32\KERNEL32.DLL
0x00007ffbbcd90000 - 0x00007ffbbd058000 	C:\WINDOWS\System32\KERNELBASE.dll
0x00007ffbbdf70000 - 0x00007ffbbe01e000 	C:\WINDOWS\System32\ADVAPI32.dll
0x00007ffbbddf0000 - 0x00007ffbbde8e000 	C:\WINDOWS\System32\msvcrt.dll
0x00007ffbbe5d0000 - 0x00007ffbbe66c000 	C:\WINDOWS\System32\sechost.dll
0x00007ffbbe7b0000 - 0x00007ffbbe8d5000 	C:\WINDOWS\System32\RPCRT4.dll
0x00007ffbbef70000 - 0x00007ffbbf110000 	C:\WINDOWS\System32\USER32.dll
0x00007ffbbcae0000 - 0x00007ffbbcb02000 	C:\WINDOWS\System32\win32u.dll
0x00007ffbbd1c0000 - 0x00007ffbbd1eb000 	C:\WINDOWS\System32\GDI32.dll
0x00007ffbbcbd0000 - 0x00007ffbbccdd000 	C:\WINDOWS\System32\gdi32full.dll
0x00007ffbbc8b0000 - 0x00007ffbbc94d000 	C:\WINDOWS\System32\msvcp_win.dll
0x00007ffbbc9e0000 - 0x00007ffbbcae0000 	C:\WINDOWS\System32\ucrtbase.dll
0x00007ffb956e0000 - 0x00007ffb9597a000 	C:\WINDOWS\WinSxS\amd64_microsoft.windows.common-controls_6595b64144ccf1df_6.0.19041.1110_none_60b5254171f9507e\COMCTL32.dll
0x00007ffbbd2c0000 - 0x00007ffbbd2f0000 	C:\WINDOWS\System32\IMM32.DLL
0x0000028762ad0000 - 0x0000028762ae3000 	C:\WINDOWS\System32\umppc14705.dll
0x00007ffbb4580000 - 0x00007ffbb4595000 	C:\Program Files\Java\jdk1.8.0_311\jre\bin\vcruntime140.dll
0x00007ffb916c0000 - 0x00007ffb9175b000 	C:\Program Files\Java\jdk1.8.0_311\jre\bin\msvcp140.dll
0x00000000763f0000 - 0x0000000076c50000 	C:\Program Files\Java\jdk1.8.0_311\jre\bin\server\jvm.dll
0x00007ffbbd2b0000 - 0x00007ffbbd2b8000 	C:\WINDOWS\System32\PSAPI.DLL
0x00007ffba57d0000 - 0x00007ffba57d9000 	C:\WINDOWS\SYSTEM32\WSOCK32.dll
0x00007ffbbdf00000 - 0x00007ffbbdf6b000 	C:\WINDOWS\System32\WS2_32.dll
0x00007ffbb3b10000 - 0x00007ffbb3b37000 	C:\WINDOWS\SYSTEM32\WINMM.dll
0x00007ffbb15a0000 - 0x00007ffbb15aa000 	C:\WINDOWS\SYSTEM32\VERSION.dll
0x00007ffbbaf70000 - 0x00007ffbbaf82000 	C:\WINDOWS\SYSTEM32\kernel.appcore.dll
0x00007ffbb4570000 - 0x00007ffbb4580000 	C:\Program Files\Java\jdk1.8.0_311\jre\bin\verify.dll
0x00007ffbb1010000 - 0x00007ffbb103b000 	C:\Program Files\Java\jdk1.8.0_311\jre\bin\java.dll
0x00007ffb9e660000 - 0x00007ffb9e696000 	C:\Program Files\Java\jdk1.8.0_311\jre\bin\jdwp.dll
0x00007ffbb1da0000 - 0x00007ffbb1da9000 	C:\Program Files\Java\jdk1.8.0_311\jre\bin\npt.dll
0x00007ffbb1d50000 - 0x00007ffbb1d68000 	C:\Program Files\Java\jdk1.8.0_311\jre\bin\zip.dll
0x00007ffbbd4e0000 - 0x00007ffbbdc24000 	C:\WINDOWS\System32\SHELL32.dll
0x00007ffbba5b0000 - 0x00007ffbbad44000 	C:\WINDOWS\SYSTEM32\windows.storage.dll
0x00007ffbbec10000 - 0x00007ffbbef65000 	C:\WINDOWS\System32\combase.dll
0x00007ffbbc120000 - 0x00007ffbbc14e000 	C:\WINDOWS\SYSTEM32\Wldp.dll
0x00007ffbbe670000 - 0x00007ffbbe71d000 	C:\WINDOWS\System32\SHCORE.dll
0x00007ffbbebb0000 - 0x00007ffbbec05000 	C:\WINDOWS\System32\shlwapi.dll
0x00007ffbbc7c0000 - 0x00007ffbbc7df000 	C:\WINDOWS\SYSTEM32\profapi.dll
0x00007ffbb1ac0000 - 0x00007ffbb1aca000 	C:\Program Files\Java\jdk1.8.0_311\jre\bin\dt_socket.dll
0x00007ffbb15b0000 - 0x00007ffbb15c7000 	C:\WINDOWS\system32\napinsp.dll
0x00007ffbbc950000 - 0x00007ffbbc9d2000 	C:\WINDOWS\System32\bcryptPrimitives.dll
0x00007ffbb16d0000 - 0x00007ffbb16eb000 	C:\WINDOWS\system32\pnrpnsp.dll
0x00007ffbb6430000 - 0x00007ffbb6445000 	C:\WINDOWS\system32\wshbth.dll
0x00007ffbb76f0000 - 0x00007ffbb770d000 	C:\WINDOWS\system32\NLAapi.dll
0x00007ffbbbc10000 - 0x00007ffbbbc4b000 	C:\WINDOWS\SYSTEM32\IPHLPAPI.DLL
0x00007ffbbbf00000 - 0x00007ffbbbf6a000 	C:\WINDOWS\System32\mswsock.dll
0x00007ffbbbc50000 - 0x00007ffbbbd1b000 	C:\WINDOWS\SYSTEM32\DNSAPI.dll
0x00007ffbbdde0000 - 0x00007ffbbdde8000 	C:\WINDOWS\System32\NSI.dll
0x00007ffbb16f0000 - 0x00007ffbb1702000 	C:\WINDOWS\System32\winrnr.dll
0x00007ffbb54d0000 - 0x00007ffbb554f000 	C:\WINDOWS\System32\fwpuclnt.dll
0x00007ffbbc880000 - 0x00007ffbbc8a7000 	C:\WINDOWS\System32\bcrypt.dll
0x00007ffbb4140000 - 0x00007ffbb414a000 	C:\Windows\System32\rasadhlp.dll
0x00007ffba3860000 - 0x00007ffba387c000 	C:\Program Files\Java\jdk1.8.0_311\jre\bin\net.dll
0x00007ffb916a0000 - 0x00007ffb916b3000 	C:\Program Files\Java\jdk1.8.0_311\jre\bin\nio.dll
0x00007ffb91620000 - 0x00007ffb91695000 	C:\Users\ACollins6\AppData\Local\Temp\lwjglACollins6\3.3.1-build-7\lwjgl.dll
0x00007ffb86ca0000 - 0x00007ffb86ef9000 	C:\Users\ACOLLI~1\AppData\Local\Temp\lwjglACollins6\3.3.1-build-7\jemalloc.dll
0x00007ffb91390000 - 0x00007ffb913f1000 	C:\Users\ACOLLI~1\AppData\Local\Temp\lwjglACollins6\3.3.1-build-7\glfw.dll
0x00007ffb91200000 - 0x00007ffb91245000 	C:\WINDOWS\SYSTEM32\dinput8.dll
0x00007ffbb5630000 - 0x00007ffbb5641000 	C:\WINDOWS\SYSTEM32\xinput1_4.dll
0x00007ffbbcb80000 - 0x00007ffbbcbce000 	C:\WINDOWS\System32\cfgmgr32.dll
0x00007ffbbc620000 - 0x00007ffbbc654000 	C:\WINDOWS\SYSTEM32\DEVOBJ.dll
0x00007ffb89140000 - 0x00007ffb89292000 	C:\WINDOWS\SYSTEM32\inputhost.dll
0x00007ffbbdc90000 - 0x00007ffbbdd5d000 	C:\WINDOWS\System32\OLEAUT32.dll
0x00007ffbb95a0000 - 0x00007ffbb9692000 	C:\WINDOWS\SYSTEM32\CoreMessaging.dll
0x00007ffbb7370000 - 0x00007ffbb7466000 	C:\WINDOWS\SYSTEM32\PROPSYS.dll
0x00007ffbb7ee0000 - 0x00007ffbb8034000 	C:\WINDOWS\SYSTEM32\wintypes.dll
0x00007ffbb8ec0000 - 0x00007ffbb921e000 	C:\WINDOWS\SYSTEM32\CoreUIComponents.dll
0x00007ffbbb0f0000 - 0x00007ffbbb123000 	C:\WINDOWS\SYSTEM32\ntmarta.dll
0x00007ffbba100000 - 0x00007ffbba12f000 	C:\WINDOWS\SYSTEM32\dwmapi.dll
0x00007ffbb9d10000 - 0x00007ffbb9dae000 	C:\WINDOWS\system32\uxtheme.dll
0x00007ffbbea90000 - 0x00007ffbbeba6000 	C:\WINDOWS\System32\MSCTF.dll
0x00007ffb710b0000 - 0x00007ffb711d5000 	C:\WINDOWS\SYSTEM32\opengl32.dll
0x00007ffb71080000 - 0x00007ffb710ac000 	C:\WINDOWS\SYSTEM32\GLU32.dll
0x00007ffbbd2f0000 - 0x00007ffbbd399000 	C:\WINDOWS\System32\clbcatq.dll
0x00007ffb455b0000 - 0x00007ffb46582000 	C:\WINDOWS\System32\DriverStore\FileRepository\iigd_dch.inf_amd64_01cdaaf9ff04b86e\ig9icd64.dll
0x00007ffbbe4a0000 - 0x00007ffbbe5ca000 	C:\WINDOWS\System32\ole32.dll
0x00007ffbbb160000 - 0x00007ffbbb254000 	C:\WINDOWS\system32\dxgi.dll
0x00007ffba8980000 - 0x00007ffba8bd8000 	C:\WINDOWS\System32\DriverStore\FileRepository\iigd_dch.inf_amd64_01cdaaf9ff04b86e\igdgmm64.dll
0x00007ffba5ca0000 - 0x00007ffba8980000 	C:\WINDOWS\System32\DriverStore\FileRepository\iigd_dch.inf_amd64_01cdaaf9ff04b86e\igc64.dll
0x00007ffbbc410000 - 0x00007ffbbc45b000 	C:\WINDOWS\SYSTEM32\powrprof.dll
0x00007ffbbc300000 - 0x00007ffbbc312000 	C:\WINDOWS\SYSTEM32\UMPDC.dll
0x00007ffb86880000 - 0x00007ffb86c9a000 	C:\WINDOWS\System32\DriverStore\FileRepository\iigd_dch.inf_amd64_01cdaaf9ff04b86e\igdml64.dll
0x00007ffb87b10000 - 0x00007ffb87b6d000 	C:\Users\ACollins6\AppData\Local\Temp\lwjglACollins6\3.3.1-build-7\lwjgl_opengl.dll
0x00007ffbbad50000 - 0x00007ffbbaf34000 	C:\WINDOWS\SYSTEM32\dbghelp.dll

VM Arguments:
jvm_args: -agentlib:jdwp=transport=dt_socket,server=n,suspend=y,address=localhost:59596 
java_command: com.collins.App
java_class_path (initial): C:\Users\ACOLLI~1\AppData\Local\Temp\cp_evli8uqr54wdxy4lncosx2qza.jar
Launcher Type: SUN_STANDARD

Environment Variables:
JAVA_HOME=C:\Program Files\Java\jdk1.8.0_311
PATH=C:\Program Files (x86)\Common Files\Oracle\Java\javapath;C:\Program Files\Eclipse Adoptium\jdk-8.0.322.6-hotspot\bin;C:\Program Files\Java\jdk1.8.0_311\bin;C:\ProgramData\Oracle\Java\javapath;C:\WINDOWS\system32;C:\WINDOWS;C:\WINDOWS\System32\Wbem;C:\WINDOWS\System32\WindowsPowerShell\v1.0\;C:\WINDOWS\System32\OpenSSH\;C:\Program Files (x86)\Pulse Secure\VC142.CRT\X64\;C:\Program Files (x86)\Pulse Secure\VC142.CRT\X86\;C:\Program Files (x86)\Plantronics\Spokes3G\;C:\Program Files (x86)\Hyland\Web ActiveX\;C:\Program Files (x86)\Reflection\;C:\Program Files\Microsoft SQL Server\150\Tools\Binn\;C:\Program Files\Microsoft SQL Server\Client SDK\ODBC\170\Tools\Binn\;C:\Program Files\dotnet\;C:\Program Files (x86)\GitExtensions\;C:\Program Files\NVIDIA Corporation\NVIDIA NvDLISR;C:\Programs-Quick Ref\dos2unix-7.4.2-win64\bin;C:\Program Files\Docker\Docker\resources\bin;C:\ProgramData\DockerDesktop\version-bin;C:\Program Files\Microsoft SQL Server\130\Tools\Binn\;C:\Program Files\nodejs\;C:\Users\ACollins6\AppData\Local\Programs\Python\Python310\Scripts\;C:\Users\ACollins6\AppData\Local\Programs\Python\Python310\;C:\Users\ACollins6\AppData\Local\Microsoft\WindowsApps;C:\Users\ACollins6\AppData\Local\Programs\Microsoft VS Code\bin;C:\Users\ACollins6\AppData\Local\Programs\Git\cmd;C:\Users\ACollins6\AppData\Roaming\npm;C:\Users\ACollins6\.dotnet\tools
USERNAME=ACollins6
OS=Windows_NT
PROCESSOR_IDENTIFIER=Intel64 Family 6 Model 158 Stepping 13, GenuineIntel



---------------  S Y S T E M  ---------------

OS: Windows 10.0 , 64 bit Build 19041 (10.0.19041.1503)

CPU:total 16 (initial active 16) (8 cores per cpu, 2 threads per core) family 6 model 158 stepping 13, cmov, cx8, fxsr, mmx, sse, sse2, sse3, ssse3, sse4.1, sse4.2, popcnt, avx, avx2, aes, clmul, erms, 3dnowpref, lzcnt, ht, tsc, tscinvbit, bmi1, bmi2, adx

Memory: 4k page, physical 33266204k(21489460k free), swap 38246940k(24626520k free)

vm_info: Java HotSpot(TM) 64-Bit Server VM (25.311-b11) for windows-amd64 JRE (1.8.0_311-b11), built on Sep 27 2021 05:15:14 by "java_re" with MS VC++ 15.9 (VS2017)

time: Tue Mar 29 22:53:42 2022
timezone: Eastern Daylight Time
elapsed time: 0.857077 seconds (0d 0h 0m 0s)

